<?xml version="1.0" encoding="UTF-8"?>
<!-- Generated by org.testng.reporters.JUnitReportReporter -->
<testsuite hostname="106415.local" name="com.automation.CucumberRunner" tests="1" failures="0" timestamp="19 Jul 2017 00:16:13 GMT" time="0.247" errors="0">
  <testcase name="feature" time="0.247" classname="com.automation.CucumberRunner"/>
</testsuite> <!-- com.automation.CucumberRunner -->
