<?xml version="1.0" encoding="UTF-8"?>
<!-- Generated by org.testng.reporters.JUnitReportReporter -->
<testsuite hostname="106415.local" name="com.jagathes.service.WebServiceAutomation.GoogleMapGetRequestTest" tests="1" failures="0" timestamp="27 Jul 2017 05:26:43 GMT" time="1.545" errors="0">
  <testcase name="testStatusCode" time="1.545" classname="com.jagathes.service.WebServiceAutomation.GoogleMapGetRequestTest"/>
</testsuite> <!-- com.jagathes.service.WebServiceAutomation.GoogleMapGetRequestTest -->
